# JRE version: OpenJDK Runtime Environment Temurin-21.0.2+13 (21.0.2+13) (build 21.0.2+13-LTS)
# Java VM: OpenJDK 64-Bit Server VM Temurin-21.0.2+13 (21.0.2+13-LTS, mixed mode, emulated-client, sharing, tiered, compressed oops, compressed class ptrs, g1 gc, windows-amd64)
GC Precious Log:
 CardTable entry size: 512
 Card Set container configuration: InlinePtr #cards 4 size 8 Array Of Cards #cards 16 size 48 Howl #buckets 8 coarsen threshold 3686 Howl Bitmap #cards 512 size 80 coarsen threshold 460 Card regions per heap region 1 cards per card region 4096
 CPUs: 12 total, 12 available
 Memory: 16230M
 Large Page Support: Disabled
 NUMA Support: Disabled
 Compressed Oops: Enabled (Zero based)
 Heap Region Size: 2M
 Heap Min Capacity: 8M
 Heap Initial Capacity: 254M
 Heap Max Capacity: 4058M
 Pre-touch: Disabled
 Parallel Workers: 10
 Concurrent Workers: 3
 Concurrent Refinement Workers: 10
 Periodic GC: Disabled
Heap:
 garbage-first heap   total 55296K, used 44292K [0x0000000702600000, 0x0000000800000000)
  region size 2048K, 12 young (24576K), 1 survivors (2048K)
 Metaspace       used 36697K, committed 37440K, reserved 1114112K
  class space    used 4853K, committed 5184K, reserved 1048576K
GC Heap History (20 events):
Event: 3807.457 GC heap after
{Heap after GC invocations=32 (full 10):
 garbage-first heap   total 55296K, used 19078K [0x0000000702600000, 0x0000000800000000)
  region size 2048K, 2 young (4096K), 2 survivors (4096K)
 Metaspace       used 36528K, committed 37184K, reserved 1114112K
  class space    used 4822K, committed 5184K, reserved 1048576K
}
Event: 4486.951 GC heap before
{Heap before GC invocations=32 (full 10):
 garbage-first heap   total 55296K, used 41606K [0x0000000702600000, 0x0000000800000000)
  region size 2048K, 14 young (28672K), 2 survivors (4096K)
 Metaspace       used 36565K, committed 37184K, reserved 1114112K
  class space    used 4831K, committed 5184K, reserved 1048576K
}
Event: 4486.954 GC heap after
{Heap after GC invocations=33 (full 10):
 garbage-first heap   total 55296K, used 20501K [0x0000000702600000, 0x0000000800000000)
  region size 2048K, 1 young (2048K), 1 survivors (2048K)
 Metaspace       used 36565K, committed 37184K, reserved 1114112K
  class space    used 4831K, committed 5184K, reserved 1048576K
}
Event: 4804.133 GC heap before
{Heap before GC invocations=33 (full 10):
 garbage-first heap   total 55296K, used 30741K [0x0000000702600000, 0x0000000800000000)
  region size 2048K, 7 young (14336K), 1 survivors (2048K)
 Metaspace       used 36590K, committed 37248K, reserved 1114112K
  class space    used 4834K, committed 5184K, reserved 1048576K
}
Event: 4804.165 GC heap after
{Heap after GC invocations=34 (full 11):
 garbage-first heap   total 55296K, used 14982K [0x0000000702600000, 0x0000000800000000)
  region size 2048K, 0 young (0K), 0 survivors (0K)
 Metaspace       used 36521K, committed 37248K, reserved 1114112K
  class space    used 4815K, committed 5184K, reserved 1048576K
}
Event: 4804.472 GC heap before
{Heap before GC invocations=34 (full 11):
 garbage-first heap   total 55296K, used 43654K [0x0000000702600000, 0x0000000800000000)
  region size 2048K, 14 young (28672K), 0 survivors (0K)
 Metaspace       used 36683K, committed 37376K, reserved 1114112K
  class space    used 4856K, committed 5184K, reserved 1048576K
}
Event: 4804.474 GC heap after
{Heap after GC invocations=35 (full 11):
 garbage-first heap   total 55296K, used 18762K [0x0000000702600000, 0x0000000800000000)
  region size 2048K, 2 young (4096K), 2 survivors (4096K)
 Metaspace       used 36683K, committed 37376K, reserved 1114112K
  class space    used 4856K, committed 5184K, reserved 1048576K
}
Event: 5172.872 GC heap before
{Heap before GC invocations=35 (full 11):
 garbage-first heap   total 55296K, used 35146K [0x0000000702600000, 0x0000000800000000)
  region size 2048K, 11 young (22528K), 2 survivors (4096K)
 Metaspace       used 36709K, committed 37376K, reserved 1114112K
  class space    used 4861K, committed 5184K, reserved 1048576K
}
Event: 5172.904 GC heap after
{Heap after GC invocations=36 (full 12):
 garbage-first heap   total 55296K, used 18183K [0x0000000702600000, 0x0000000800000000)
  region size 2048K, 0 young (0K), 0 survivors (0K)
 Metaspace       used 36709K, committed 37376K, reserved 1114112K
  class space    used 4861K, committed 5184K, reserved 1048576K
}
Event: 5173.152 GC heap before
{Heap before GC invocations=36 (full 12):
 garbage-first heap   total 55296K, used 42759K [0x0000000702600000, 0x0000000800000000)
  region size 2048K, 12 young (24576K), 0 survivors (0K)
 Metaspace       used 36738K, committed 37440K, reserved 1114112K
  class space    used 4867K, committed 5184K, reserved 1048576K
}
Event: 5173.154 GC heap after
{Heap after GC invocations=37 (full 12):
 garbage-first heap   total 55296K, used 20841K [0x0000000702600000, 0x0000000800000000)
  region size 2048K, 2 young (4096K), 2 survivors (4096K)
 Metaspace       used 36738K, committed 37440K, reserved 1114112K
  class space    used 4867K, committed 5184K, reserved 1048576K
}
Event: 5206.597 GC heap before
{Heap before GC invocations=37 (full 12):
 garbage-first heap   total 55296K, used 24937K [0x0000000702600000, 0x0000000800000000)
  region size 2048K, 5 young (10240K), 2 survivors (4096K)
 Metaspace       used 36741K, committed 37440K, reserved 1114112K
  class space    used 4867K, committed 5184K, reserved 1048576K
}
Event: 5206.636 GC heap after
{Heap after GC invocations=38 (full 13):
 garbage-first heap   total 55296K, used 19424K [0x0000000702600000, 0x0000000800000000)
  region size 2048K, 0 young (0K), 0 survivors (0K)
 Metaspace       used 36649K, committed 37440K, reserved 1114112K
  class space    used 4843K, committed 5184K, reserved 1048576K
}
Event: 5206.950 GC heap before
{Heap before GC invocations=38 (full 13):
 garbage-first heap   total 55296K, used 44000K [0x0000000702600000, 0x0000000800000000)
  region size 2048K, 12 young (24576K), 0 survivors (0K)
 Metaspace       used 36675K, committed 37440K, reserved 1114112K
  class space    used 4849K, committed 5184K, reserved 1048576K
}
Event: 5206.952 GC heap after
{Heap after GC invocations=39 (full 13):
 garbage-first heap   total 55296K, used 21865K [0x0000000702600000, 0x0000000800000000)
  region size 2048K, 2 young (4096K), 2 survivors (4096K)
 Metaspace       used 36675K, committed 37440K, reserved 1114112K
  class space    used 4849K, committed 5184K, reserved 1048576K
}
Event: 5704.738 GC heap before
{Heap before GC invocations=39 (full 13):
 garbage-first heap   total 55296K, used 42345K [0x0000000702600000, 0x0000000800000000)
  region size 2048K, 12 young (24576K), 2 survivors (4096K)
 Metaspace       used 36689K, committed 37440K, reserved 1114112K
  class space    used 4851K, committed 5184K, reserved 1048576K
}
Event: 5704.742 GC heap after
{Heap after GC invocations=40 (full 13):
 garbage-first heap   total 55296K, used 22136K [0x0000000702600000, 0x0000000800000000)
  region size 2048K, 1 young (2048K), 1 survivors (2048K)
 Metaspace       used 36689K, committed 37440K, reserved 1114112K
  class space    used 4851K, committed 5184K, reserved 1048576K
}
Event: 6432.990 GC heap before
{Heap before GC invocations=40 (full 13):
 garbage-first heap   total 55296K, used 44664K [0x0000000702600000, 0x0000000800000000)
  region size 2048K, 12 young (24576K), 1 survivors (2048K)
 Metaspace       used 36689K, committed 37440K, reserved 1114112K
  class space    used 4851K, committed 5184K, reserved 1048576K
}
Event: 6432.994 GC heap after
{Heap after GC invocations=41 (full 13):
 garbage-first heap   total 55296K, used 21963K [0x0000000702600000, 0x0000000800000000)
  region size 2048K, 1 young (2048K), 1 survivors (2048K)
 Metaspace       used 36689K, committed 37440K, reserved 1114112K
  class space    used 4851K, committed 5184K, reserved 1048576K
}
Event: 7128.558 GC heap before
{Heap before GC invocations=41 (full 13):
 garbage-first heap   total 55296K, used 42443K [0x0000000702600000, 0x0000000800000000)
  region size 2048K, 12 young (24576K), 1 survivors (2048K)
 Metaspace       used 36697K, committed 37440K, reserved 1114112K
  class space    used 4853K, committed 5184K, reserved 1048576K
}

