# JRE version: OpenJDK Runtime Environment Temurin-21.0.2+13 (21.0.2+13) (build 21.0.2+13-LTS)
# Java VM: OpenJDK 64-Bit Server VM Temurin-21.0.2+13 (21.0.2+13-LTS, mixed mode, emulated-client, sharing, tiered, compressed oops, compressed class ptrs, g1 gc, windows-amd64)
GC Precious Log:
 CardTable entry size: 512
 Card Set container configuration: InlinePtr #cards 4 size 8 Array Of Cards #cards 16 size 48 Howl #buckets 8 coarsen threshold 3686 Howl Bitmap #cards 512 size 80 coarsen threshold 460 Card regions per heap region 1 cards per card region 4096
 CPUs: 12 total, 12 available
 Memory: 16230M
 Large Page Support: Disabled
 NUMA Support: Disabled
 Compressed Oops: Enabled (Zero based)
 Heap Region Size: 2M
 Heap Min Capacity: 8M
 Heap Initial Capacity: 254M
 Heap Max Capacity: 4058M
 Pre-touch: Disabled
 Parallel Workers: 10
 Concurrent Workers: 3
 Concurrent Refinement Workers: 10
 Periodic GC: Disabled
Heap:
 garbage-first heap   total 55296K, used 20732K [0x0000000702600000, 0x0000000800000000)
  region size 2048K, 3 young (6144K), 2 survivors (4096K)
 Metaspace       used 37376K, committed 38080K, reserved 1114112K
  class space    used 4951K, committed 5248K, reserved 1048576K
GC Heap History (20 events):
Event: 54929.197 GC heap after
{Heap after GC invocations=39 (full 14):
 garbage-first heap   total 55296K, used 15386K [0x0000000702600000, 0x0000000800000000)
  region size 2048K, 0 young (0K), 0 survivors (0K)
 Metaspace       used 37173K, committed 37952K, reserved 1114112K
  class space    used 4902K, committed 5184K, reserved 1048576K
}
Event: 54929.469 GC heap before
{Heap before GC invocations=39 (full 14):
 garbage-first heap   total 55296K, used 44058K [0x0000000702600000, 0x0000000800000000)
  region size 2048K, 14 young (28672K), 0 survivors (0K)
 Metaspace       used 37200K, committed 37952K, reserved 1114112K
  class space    used 4908K, committed 5184K, reserved 1048576K
}
Event: 54929.470 GC heap after
{Heap after GC invocations=40 (full 14):
 garbage-first heap   total 55296K, used 18128K [0x0000000702600000, 0x0000000800000000)
  region size 2048K, 2 young (4096K), 2 survivors (4096K)
 Metaspace       used 37200K, committed 37952K, reserved 1114112K
  class space    used 4908K, committed 5184K, reserved 1048576K
}
Event: 54938.126 GC heap before
{Heap before GC invocations=40 (full 14):
 garbage-first heap   total 55296K, used 18128K [0x0000000702600000, 0x0000000800000000)
  region size 2048K, 3 young (6144K), 2 survivors (4096K)
 Metaspace       used 37207K, committed 37952K, reserved 1114112K
  class space    used 4909K, committed 5184K, reserved 1048576K
}
Event: 54938.164 GC heap after
{Heap after GC invocations=41 (full 15):
 garbage-first heap   total 55296K, used 16600K [0x0000000702600000, 0x0000000800000000)
  region size 2048K, 0 young (0K), 0 survivors (0K)
 Metaspace       used 37204K, committed 37952K, reserved 1114112K
  class space    used 4908K, committed 5184K, reserved 1048576K
}
Event: 54938.462 GC heap before
{Heap before GC invocations=41 (full 15):
 garbage-first heap   total 55296K, used 45272K [0x0000000702600000, 0x0000000800000000)
  region size 2048K, 14 young (28672K), 0 survivors (0K)
 Metaspace       used 37239K, committed 37952K, reserved 1114112K
  class space    used 4917K, committed 5184K, reserved 1048576K
}
Event: 54938.464 GC heap after
{Heap after GC invocations=42 (full 15):
 garbage-first heap   total 55296K, used 19338K [0x0000000702600000, 0x0000000800000000)
  region size 2048K, 2 young (4096K), 2 survivors (4096K)
 Metaspace       used 37239K, committed 37952K, reserved 1114112K
  class space    used 4917K, committed 5184K, reserved 1048576K
}
Event: 55703.708 GC heap before
{Heap before GC invocations=42 (full 15):
 garbage-first heap   total 55296K, used 43914K [0x0000000702600000, 0x0000000800000000)
  region size 2048K, 14 young (28672K), 2 survivors (4096K)
 Metaspace       used 37254K, committed 37952K, reserved 1114112K
  class space    used 4920K, committed 5184K, reserved 1048576K
}
Event: 55703.710 GC heap after
{Heap after GC invocations=43 (full 15):
 garbage-first heap   total 55296K, used 19302K [0x0000000702600000, 0x0000000800000000)
  region size 2048K, 1 young (2048K), 1 survivors (2048K)
 Metaspace       used 37254K, committed 37952K, reserved 1114112K
  class space    used 4920K, committed 5184K, reserved 1048576K
}
Event: 56512.464 GC heap before
{Heap before GC invocations=43 (full 15):
 garbage-first heap   total 55296K, used 41830K [0x0000000702600000, 0x0000000800000000)
  region size 2048K, 13 young (26624K), 1 survivors (2048K)
 Metaspace       used 37254K, committed 37952K, reserved 1114112K
  class space    used 4920K, committed 5184K, reserved 1048576K
}
Event: 56512.468 GC heap after
{Heap after GC invocations=44 (full 15):
 garbage-first heap   total 55296K, used 18944K [0x0000000702600000, 0x0000000800000000)
  region size 2048K, 1 young (2048K), 1 survivors (2048K)
 Metaspace       used 37254K, committed 37952K, reserved 1114112K
  class space    used 4920K, committed 5184K, reserved 1048576K
}
Event: 57317.072 GC heap before
{Heap before GC invocations=44 (full 15):
 garbage-first heap   total 55296K, used 43520K [0x0000000702600000, 0x0000000800000000)
  region size 2048K, 13 young (26624K), 1 survivors (2048K)
 Metaspace       used 37254K, committed 37952K, reserved 1114112K
  class space    used 4920K, committed 5184K, reserved 1048576K
}
Event: 57317.075 GC heap after
{Heap after GC invocations=45 (full 15):
 garbage-first heap   total 55296K, used 18875K [0x0000000702600000, 0x0000000800000000)
  region size 2048K, 1 young (2048K), 1 survivors (2048K)
 Metaspace       used 37254K, committed 37952K, reserved 1114112K
  class space    used 4920K, committed 5184K, reserved 1048576K
}
Event: 58195.052 GC heap before
{Heap before GC invocations=45 (full 15):
 garbage-first heap   total 55296K, used 43451K [0x0000000702600000, 0x0000000800000000)
  region size 2048K, 13 young (26624K), 1 survivors (2048K)
 Metaspace       used 37254K, committed 37952K, reserved 1114112K
  class space    used 4920K, committed 5184K, reserved 1048576K
}
Event: 58195.053 GC heap after
{Heap after GC invocations=46 (full 15):
 garbage-first heap   total 55296K, used 18880K [0x0000000702600000, 0x0000000800000000)
  region size 2048K, 1 young (2048K), 1 survivors (2048K)
 Metaspace       used 37254K, committed 37952K, reserved 1114112K
  class space    used 4920K, committed 5184K, reserved 1048576K
}
Event: 58214.336 GC heap before
{Heap before GC invocations=46 (full 15):
 garbage-first heap   total 55296K, used 18880K [0x0000000702600000, 0x0000000800000000)
  region size 2048K, 2 young (4096K), 1 survivors (2048K)
 Metaspace       used 37257K, committed 37952K, reserved 1114112K
  class space    used 4920K, committed 5184K, reserved 1048576K
}
Event: 58214.369 GC heap after
{Heap after GC invocations=47 (full 16):
 garbage-first heap   total 55296K, used 14911K [0x0000000702600000, 0x0000000800000000)
  region size 2048K, 0 young (0K), 0 survivors (0K)
 Metaspace       used 37206K, committed 37952K, reserved 1114112K
  class space    used 4909K, committed 5184K, reserved 1048576K
}
Event: 58214.696 GC heap before
{Heap before GC invocations=47 (full 16):
 garbage-first heap   total 55296K, used 47679K [0x0000000702600000, 0x0000000800000000)
  region size 2048K, 16 young (32768K), 0 survivors (0K)
 Metaspace       used 37372K, committed 38080K, reserved 1114112K
  class space    used 4951K, committed 5248K, reserved 1048576K
}
Event: 58214.699 GC heap after
{Heap after GC invocations=48 (full 16):
 garbage-first heap   total 55296K, used 19019K [0x0000000702600000, 0x0000000800000000)
  region size 2048K, 2 young (4096K), 2 survivors (4096K)
 Metaspace       used 37372K, committed 38080K, reserved 1114112K
  class space    used 4951K, committed 5248K, reserved 1048576K
}
Event: 58229.469 GC heap before
{Heap before GC invocations=48 (full 16):
 garbage-first heap   total 55296K, used 19019K [0x0000000702600000, 0x0000000800000000)
  region size 2048K, 3 young (6144K), 2 survivors (4096K)
 Metaspace       used 37376K, committed 38080K, reserved 1114112K
  class space    used 4951K, committed 5248K, reserved 1048576K
}

