# JRE version: OpenJDK Runtime Environment Temurin-21.0.2+13 (21.0.2+13) (build 21.0.2+13-LTS)
# Java VM: OpenJDK 64-Bit Server VM Temurin-21.0.2+13 (21.0.2+13-LTS, mixed mode, emulated-client, sharing, tiered, compressed oops, compressed class ptrs, g1 gc, windows-amd64)
GC Precious Log:
 CardTable entry size: 512
 Card Set container configuration: InlinePtr #cards 4 size 8 Array Of Cards #cards 16 size 48 Howl #buckets 8 coarsen threshold 3686 Howl Bitmap #cards 512 size 80 coarsen threshold 460 Card regions per heap region 1 cards per card region 4096
 CPUs: 12 total, 12 available
 Memory: 16230M
 Large Page Support: Disabled
 NUMA Support: Disabled
 Compressed Oops: Enabled (Zero based)
 Heap Region Size: 2M
 Heap Min Capacity: 8M
 Heap Initial Capacity: 254M
 Heap Max Capacity: 4058M
 Pre-touch: Disabled
 Parallel Workers: 10
 Concurrent Workers: 3
 Concurrent Refinement Workers: 10
 Periodic GC: Disabled
Heap:
 garbage-first heap   total 55296K, used 39994K [0x0000000702600000, 0x0000000800000000)
  region size 2048K, 13 young (26624K), 2 survivors (4096K)
 Metaspace       used 37572K, committed 38336K, reserved 1114112K
  class space    used 4998K, committed 5312K, reserved 1048576K
GC Heap History (20 events):
Event: 162313.300 GC heap after
{Heap after GC invocations=57 (full 19):
 garbage-first heap   total 55296K, used 16635K [0x0000000702600000, 0x0000000800000000)
  region size 2048K, 0 young (0K), 0 survivors (0K)
 Metaspace       used 37262K, committed 38016K, reserved 1114112K
  class space    used 4930K, committed 5248K, reserved 1048576K
}
Event: 162313.569 GC heap before
{Heap before GC invocations=57 (full 19):
 garbage-first heap   total 55296K, used 45307K [0x0000000702600000, 0x0000000800000000)
  region size 2048K, 14 young (28672K), 0 survivors (0K)
 Metaspace       used 37294K, committed 38016K, reserved 1114112K
  class space    used 4937K, committed 5248K, reserved 1048576K
}
Event: 162313.571 GC heap after
{Heap after GC invocations=58 (full 19):
 garbage-first heap   total 55296K, used 19333K [0x0000000702600000, 0x0000000800000000)
  region size 2048K, 2 young (4096K), 2 survivors (4096K)
 Metaspace       used 37294K, committed 38016K, reserved 1114112K
  class space    used 4937K, committed 5248K, reserved 1048576K
}
Event: 162341.617 GC heap before
{Heap before GC invocations=58 (full 19):
 garbage-first heap   total 55296K, used 19333K [0x0000000702600000, 0x0000000800000000)
  region size 2048K, 4 young (8192K), 2 survivors (4096K)
 Metaspace       used 37301K, committed 38016K, reserved 1114112K
  class space    used 4938K, committed 5248K, reserved 1048576K
}
Event: 162341.649 GC heap after
{Heap after GC invocations=59 (full 20):
 garbage-first heap   total 55296K, used 15243K [0x0000000702600000, 0x0000000800000000)
  region size 2048K, 0 young (0K), 0 survivors (0K)
 Metaspace       used 37277K, committed 38016K, reserved 1114112K
  class space    used 4932K, committed 5248K, reserved 1048576K
}
Event: 162341.916 GC heap before
{Heap before GC invocations=59 (full 20):
 garbage-first heap   total 55296K, used 43915K [0x0000000702600000, 0x0000000800000000)
  region size 2048K, 14 young (28672K), 0 survivors (0K)
 Metaspace       used 37308K, committed 38016K, reserved 1114112K
  class space    used 4940K, committed 5248K, reserved 1048576K
}
Event: 162341.918 GC heap after
{Heap after GC invocations=60 (full 20):
 garbage-first heap   total 55296K, used 17930K [0x0000000702600000, 0x0000000800000000)
  region size 2048K, 2 young (4096K), 2 survivors (4096K)
 Metaspace       used 37308K, committed 38016K, reserved 1114112K
  class space    used 4940K, committed 5248K, reserved 1048576K
}
Event: 162689.786 GC heap before
{Heap before GC invocations=60 (full 20):
 garbage-first heap   total 55296K, used 42506K [0x0000000702600000, 0x0000000800000000)
  region size 2048K, 14 young (28672K), 2 survivors (4096K)
 Metaspace       used 37327K, committed 38016K, reserved 1114112K
  class space    used 4944K, committed 5248K, reserved 1048576K
}
Event: 162689.789 GC heap after
{Heap after GC invocations=61 (full 20):
 garbage-first heap   total 55296K, used 19445K [0x0000000702600000, 0x0000000800000000)
  region size 2048K, 1 young (2048K), 1 survivors (2048K)
 Metaspace       used 37327K, committed 38016K, reserved 1114112K
  class space    used 4944K, committed 5248K, reserved 1048576K
}
Event: 162749.656 GC heap before
{Heap before GC invocations=61 (full 20):
 garbage-first heap   total 55296K, used 23541K [0x0000000702600000, 0x0000000800000000)
  region size 2048K, 4 young (8192K), 1 survivors (2048K)
 Metaspace       used 37334K, committed 38016K, reserved 1114112K
  class space    used 4944K, committed 5248K, reserved 1048576K
}
Event: 162749.686 GC heap after
{Heap after GC invocations=62 (full 21):
 garbage-first heap   total 55296K, used 14931K [0x0000000702600000, 0x0000000800000000)
  region size 2048K, 0 young (0K), 0 survivors (0K)
 Metaspace       used 37285K, committed 38016K, reserved 1114112K
  class space    used 4932K, committed 5248K, reserved 1048576K
}
Event: 162749.964 GC heap before
{Heap before GC invocations=62 (full 21):
 garbage-first heap   total 55296K, used 43603K [0x0000000702600000, 0x0000000800000000)
  region size 2048K, 14 young (28672K), 0 survivors (0K)
 Metaspace       used 37438K, committed 38144K, reserved 1114112K
  class space    used 4971K, committed 5248K, reserved 1048576K
}
Event: 162749.967 GC heap after
{Heap after GC invocations=63 (full 21):
 garbage-first heap   total 55296K, used 18831K [0x0000000702600000, 0x0000000800000000)
  region size 2048K, 2 young (4096K), 2 survivors (4096K)
 Metaspace       used 37438K, committed 38144K, reserved 1114112K
  class space    used 4971K, committed 5248K, reserved 1048576K
}
Event: 162997.850 GC heap before
{Heap before GC invocations=63 (full 21):
 garbage-first heap   total 55296K, used 43407K [0x0000000702600000, 0x0000000800000000)
  region size 2048K, 14 young (28672K), 2 survivors (4096K)
 Metaspace       used 37506K, committed 38208K, reserved 1114112K
  class space    used 4988K, committed 5248K, reserved 1048576K
}
Event: 162997.853 GC heap after
{Heap after GC invocations=64 (full 21):
 garbage-first heap   total 55296K, used 21360K [0x0000000702600000, 0x0000000800000000)
  region size 2048K, 2 young (4096K), 2 survivors (4096K)
 Metaspace       used 37506K, committed 38208K, reserved 1114112K
  class space    used 4988K, committed 5248K, reserved 1048576K
}
Event: 163018.274 GC heap before
{Heap before GC invocations=64 (full 21):
 garbage-first heap   total 55296K, used 23408K [0x0000000702600000, 0x0000000800000000)
  region size 2048K, 4 young (8192K), 2 survivors (4096K)
 Metaspace       used 37543K, committed 38272K, reserved 1114112K
  class space    used 4991K, committed 5248K, reserved 1048576K
}
Event: 163018.306 GC heap after
{Heap after GC invocations=65 (full 22):
 garbage-first heap   total 55296K, used 15679K [0x0000000702600000, 0x0000000800000000)
  region size 2048K, 0 young (0K), 0 survivors (0K)
 Metaspace       used 37361K, committed 38272K, reserved 1114112K
  class space    used 4945K, committed 5248K, reserved 1048576K
}
Event: 163018.873 GC heap before
{Heap before GC invocations=65 (full 22):
 garbage-first heap   total 55296K, used 42303K [0x0000000702600000, 0x0000000800000000)
  region size 2048K, 13 young (26624K), 0 survivors (0K)
 Metaspace       used 37512K, committed 38272K, reserved 1114112K
  class space    used 4983K, committed 5248K, reserved 1048576K
}
Event: 163018.876 GC heap after
{Heap after GC invocations=66 (full 22):
 garbage-first heap   total 55296K, used 19043K [0x0000000702600000, 0x0000000800000000)
  region size 2048K, 2 young (4096K), 2 survivors (4096K)
 Metaspace       used 37512K, committed 38272K, reserved 1114112K
  class space    used 4983K, committed 5248K, reserved 1048576K
}
Event: 163170.235 GC heap before
{Heap before GC invocations=66 (full 22):
 garbage-first heap   total 55296K, used 37475K [0x0000000702600000, 0x0000000800000000)
  region size 2048K, 13 young (26624K), 2 survivors (4096K)
 Metaspace       used 37572K, committed 38336K, reserved 1114112K
  class space    used 4998K, committed 5312K, reserved 1048576K
}

