# JRE version: OpenJDK Runtime Environment Temurin-21.0.2+13 (21.0.2+13) (build 21.0.2+13-LTS)
# Java VM: OpenJDK 64-Bit Server VM Temurin-21.0.2+13 (21.0.2+13-LTS, mixed mode, emulated-client, sharing, tiered, compressed oops, compressed class ptrs, g1 gc, windows-amd64)
GC Precious Log:
 CardTable entry size: 512
 Card Set container configuration: InlinePtr #cards 4 size 8 Array Of Cards #cards 16 size 48 Howl #buckets 8 coarsen threshold 3686 Howl Bitmap #cards 512 size 80 coarsen threshold 460 Card regions per heap region 1 cards per card region 4096
 CPUs: 12 total, 12 available
 Memory: 16230M
 Large Page Support: Disabled
 NUMA Support: Disabled
 Compressed Oops: Enabled (Zero based)
 Heap Region Size: 2M
 Heap Min Capacity: 8M
 Heap Initial Capacity: 254M
 Heap Max Capacity: 4058M
 Pre-touch: Disabled
 Parallel Workers: 10
 Concurrent Workers: 3
 Concurrent Refinement Workers: 10
 Periodic GC: Disabled
Heap:
 garbage-first heap   total 96256K, used 29899K [0x0000000702600000, 0x0000000800000000)
  region size 2048K, 4 young (8192K), 3 survivors (6144K)
 Metaspace       used 43591K, committed 44544K, reserved 1114112K
  class space    used 5695K, committed 6080K, reserved 1048576K
GC Heap History (20 events):
Event: 6985.483 GC heap before
{Heap before GC invocations=67 (full 17):
 garbage-first heap   total 49152K, used 38764K [0x0000000702600000, 0x0000000800000000)
  region size 2048K, 8 young (16384K), 1 survivors (2048K)
 Metaspace       used 43267K, committed 44160K, reserved 1114112K
  class space    used 5660K, committed 6080K, reserved 1048576K
}
Event: 6985.485 GC heap after
{Heap after GC invocations=68 (full 17):
 garbage-first heap   total 49152K, used 26519K [0x0000000702600000, 0x0000000800000000)
  region size 2048K, 1 young (2048K), 1 survivors (2048K)
 Metaspace       used 43267K, committed 44160K, reserved 1114112K
  class space    used 5660K, committed 6080K, reserved 1048576K
}
Event: 7035.212 GC heap before
{Heap before GC invocations=68 (full 17):
 garbage-first heap   total 49152K, used 30615K [0x0000000702600000, 0x0000000800000000)
  region size 2048K, 4 young (8192K), 1 survivors (2048K)
 Metaspace       used 43278K, committed 44160K, reserved 1114112K
  class space    used 5663K, committed 6080K, reserved 1048576K
}
Event: 7035.248 GC heap after
{Heap after GC invocations=69 (full 18):
 garbage-first heap   total 49152K, used 22992K [0x0000000702600000, 0x0000000800000000)
  region size 2048K, 0 young (0K), 0 survivors (0K)
 Metaspace       used 43215K, committed 44160K, reserved 1114112K
  class space    used 5648K, committed 6080K, reserved 1048576K
}
Event: 7035.428 GC heap before
{Heap before GC invocations=69 (full 18):
 garbage-first heap   total 49152K, used 39376K [0x0000000702600000, 0x0000000800000000)
  region size 2048K, 8 young (16384K), 0 survivors (0K)
 Metaspace       used 43229K, committed 44160K, reserved 1114112K
  class space    used 5652K, committed 6080K, reserved 1048576K
}
Event: 7035.430 GC heap after
{Heap after GC invocations=70 (full 18):
 garbage-first heap   total 49152K, used 24738K [0x0000000702600000, 0x0000000800000000)
  region size 2048K, 1 young (2048K), 1 survivors (2048K)
 Metaspace       used 43229K, committed 44160K, reserved 1114112K
  class space    used 5652K, committed 6080K, reserved 1048576K
}
Event: 7035.593 GC heap before
{Heap before GC invocations=71 (full 18):
 garbage-first heap   total 49152K, used 39074K [0x0000000702600000, 0x0000000800000000)
  region size 2048K, 8 young (16384K), 1 survivors (2048K)
 Metaspace       used 43263K, committed 44160K, reserved 1114112K
  class space    used 5659K, committed 6080K, reserved 1048576K
}
Event: 7035.595 GC heap after
{Heap after GC invocations=72 (full 18):
 garbage-first heap   total 49152K, used 26725K [0x0000000702600000, 0x0000000800000000)
  region size 2048K, 1 young (2048K), 1 survivors (2048K)
 Metaspace       used 43263K, committed 44160K, reserved 1114112K
  class space    used 5659K, committed 6080K, reserved 1048576K
}
Event: 7037.032 GC heap before
{Heap before GC invocations=72 (full 18):
 garbage-first heap   total 49152K, used 28773K [0x0000000702600000, 0x0000000800000000)
  region size 2048K, 3 young (6144K), 1 survivors (2048K)
 Metaspace       used 43267K, committed 44160K, reserved 1114112K
  class space    used 5659K, committed 6080K, reserved 1048576K
}
Event: 7037.070 GC heap after
{Heap after GC invocations=73 (full 19):
 garbage-first heap   total 49152K, used 25424K [0x0000000702600000, 0x0000000800000000)
  region size 2048K, 0 young (0K), 0 survivors (0K)
 Metaspace       used 43193K, committed 44160K, reserved 1114112K
  class space    used 5640K, committed 6080K, reserved 1048576K
}
Event: 7037.211 GC heap before
{Heap before GC invocations=73 (full 19):
 garbage-first heap   total 49152K, used 39760K [0x0000000702600000, 0x0000000800000000)
  region size 2048K, 7 young (14336K), 0 survivors (0K)
 Metaspace       used 43203K, committed 44160K, reserved 1114112K
  class space    used 5643K, committed 6080K, reserved 1048576K
}
Event: 7037.213 GC heap after
{Heap after GC invocations=74 (full 19):
 garbage-first heap   total 155648K, used 26876K [0x0000000702600000, 0x0000000800000000)
  region size 2048K, 1 young (2048K), 1 survivors (2048K)
 Metaspace       used 43203K, committed 44160K, reserved 1114112K
  class space    used 5643K, committed 6080K, reserved 1048576K
}
Event: 7873.340 GC heap before
{Heap before GC invocations=75 (full 19):
 garbage-first heap   total 102400K, used 69884K [0x0000000702600000, 0x0000000800000000)
  region size 2048K, 23 young (47104K), 1 survivors (2048K)
 Metaspace       used 43275K, committed 44160K, reserved 1114112K
  class space    used 5652K, committed 6080K, reserved 1048576K
}
Event: 7873.370 GC heap after
{Heap after GC invocations=76 (full 20):
 garbage-first heap   total 102400K, used 24579K [0x0000000702600000, 0x0000000800000000)
  region size 2048K, 0 young (0K), 0 survivors (0K)
 Metaspace       used 43271K, committed 44160K, reserved 1114112K
  class space    used 5652K, committed 6080K, reserved 1048576K
}
Event: 7882.339 GC heap before
{Heap before GC invocations=76 (full 20):
 garbage-first heap   total 102400K, used 57347K [0x0000000702600000, 0x0000000800000000)
  region size 2048K, 17 young (34816K), 0 survivors (0K)
 Metaspace       used 43384K, committed 44352K, reserved 1114112K
  class space    used 5665K, committed 6080K, reserved 1048576K
}
Event: 7882.375 GC heap after
{Heap after GC invocations=77 (full 21):
 garbage-first heap   total 102400K, used 26730K [0x0000000702600000, 0x0000000800000000)
  region size 2048K, 0 young (0K), 0 survivors (0K)
 Metaspace       used 43351K, committed 44352K, reserved 1114112K
  class space    used 5658K, committed 6080K, reserved 1048576K
}
Event: 7901.565 GC heap before
{Heap before GC invocations=77 (full 21):
 garbage-first heap   total 102400K, used 57450K [0x0000000702600000, 0x0000000800000000)
  region size 2048K, 16 young (32768K), 0 survivors (0K)
 Metaspace       used 43469K, committed 44416K, reserved 1114112K
  class space    used 5666K, committed 6080K, reserved 1048576K
}
Event: 7901.610 GC heap after
{Heap after GC invocations=78 (full 22):
 garbage-first heap   total 96256K, used 25516K [0x0000000702600000, 0x0000000800000000)
  region size 2048K, 0 young (0K), 0 survivors (0K)
 Metaspace       used 43467K, committed 44416K, reserved 1114112K
  class space    used 5665K, committed 6080K, reserved 1048576K
}
Event: 8299.880 GC heap before
{Heap before GC invocations=78 (full 22):
 garbage-first heap   total 96256K, used 72620K [0x0000000702600000, 0x0000000800000000)
  region size 2048K, 23 young (47104K), 0 survivors (0K)
 Metaspace       used 43585K, committed 44544K, reserved 1114112K
  class space    used 5693K, committed 6080K, reserved 1048576K
}
Event: 8299.883 GC heap after
{Heap after GC invocations=79 (full 22):
 garbage-first heap   total 96256K, used 29899K [0x0000000702600000, 0x0000000800000000)
  region size 2048K, 3 young (6144K), 3 survivors (6144K)
 Metaspace       used 43585K, committed 44544K, reserved 1114112K
  class space    used 5693K, committed 6080K, reserved 1048576K
}

